<?xml version="1.0" encoding="UTF-8"?>
<testng-results skipped="0" failed="0" ignored="0" total="0" passed="0">
  <reporter-output>
  </reporter-output>
  <suite name="junit.junitJdbcTest" duration-ms="18" started-at="2019-09-19T10:28:23Z" finished-at="2019-09-19T10:28:23Z">
    <groups>
    </groups>
    <test name="Command line test" duration-ms="18" started-at="2019-09-19T10:28:23Z" finished-at="2019-09-19T10:28:23Z">
    </test> <!-- Command line test -->
  </suite> <!-- junit.junitJdbcTest -->
</testng-results>
